<?xml version="1.0" encoding="UTF-8"?>
<!-- Generated by org.testng.reporters.JUnitXMLReporter -->
<testsuite hostname="ACLA036P2850" ignored="1" name="Default test" tests="3" failures="0" timestamp="2021-03-04T00:00:14 IST" time="67.606" errors="0">
  <testcase name="ValidateUserTest" time="0.224" classname="com.butler.qa.testcases.HomePageTest"/>
  <testcase name="OpenContactTest" time="3.198" classname="com.butler.qa.testcases.HomePageTest"/>
  <testcase name="OpenCalenderTest" time="3.24" classname="com.butler.qa.testcases.HomePageTest"/>
  <testcase name="HomePageLogoTest" time="0.0" classname="com.butler.qa.testcases.HomePageTest">
    <ignored/>
  </testcase> <!-- HomePageLogoTest -->
</testsuite> <!-- Default test -->
